<?xml version="1.0" encoding="UTF-8"?>
<testng-results ignored="0" total="14" passed="13" failed="1" skipped="0">
  <reporter-output>
  </reporter-output>
  <suite started-at="2025-02-20T13:57:51 IST" name="myTestSuite" finished-at="2025-02-20T14:00:23 IST" duration-ms="151879">
    <groups>
    </groups>
    <test started-at="2025-02-20T13:57:51 IST" name="myTest" finished-at="2025-02-20T14:00:23 IST" duration-ms="151879">
      <class name="testscripts.ManageFooterTextTest">
        <test-method is-config="true" signature="initialisebrowser(java.lang.String)[pri:0, instance:testscripts.ManageFooterTextTest@3eb25e1a]" started-at="2025-02-20T13:58:36 IST" name="initialisebrowser" finished-at="2025-02-20T13:58:41 IST" duration-ms="5693" status="PASS">
          <params>
            <param index="0">
              <value>
                <![CDATA[Chrome]]>
              </value>
            </param>
          </params>
          <reporter-output>
          </reporter-output>
        </test-method> <!-- initialisebrowser -->
        <test-method signature="verifyUserCanUpdateAdminFooterDetails()[pri:0, instance:testscripts.ManageFooterTextTest@3eb25e1a]" started-at="2025-02-20T13:58:41 IST" name="verifyUserCanUpdateAdminFooterDetails" finished-at="2025-02-20T13:58:45 IST" duration-ms="4043" status="PASS">
          <reporter-output>
          </reporter-output>
        </test-method> <!-- verifyUserCanUpdateAdminFooterDetails -->
        <test-method is-config="true" signature="driverQuit(org.testng.ITestResult)[pri:0, instance:testscripts.ManageFooterTextTest@3eb25e1a]" started-at="2025-02-20T13:58:45 IST" name="driverQuit" finished-at="2025-02-20T13:58:46 IST" duration-ms="570" status="PASS">
          <params>
            <param index="0">
              <value>
                <![CDATA[[TestResult name=verifyUserCanUpdateAdminFooterDetails status=SUCCESS method=ManageFooterTextTest.verifyUserCanUpdateAdminFooterDetails()[pri:0, instance:testscripts.ManageFooterTextTest@3eb25e1a] output={null}]]]>
              </value>
            </param>
          </params>
          <reporter-output>
          </reporter-output>
        </test-method> <!-- driverQuit -->
      </class> <!-- testscripts.ManageFooterTextTest -->
      <class name="testscripts.ManageNewsTest">
        <test-method is-config="true" signature="initialisebrowser(java.lang.String)[pri:0, instance:testscripts.ManageNewsTest@f5958c9]" started-at="2025-02-20T13:59:42 IST" name="initialisebrowser" finished-at="2025-02-20T13:59:48 IST" duration-ms="5831" status="PASS">
          <params>
            <param index="0">
              <value>
                <![CDATA[Chrome]]>
              </value>
            </param>
          </params>
          <reporter-output>
          </reporter-output>
        </test-method> <!-- initialisebrowser -->
        <test-method signature="verifyAdminUserCanAddNews()[pri:0, instance:testscripts.ManageNewsTest@f5958c9]" started-at="2025-02-20T13:59:48 IST" name="verifyAdminUserCanAddNews" finished-at="2025-02-20T13:59:51 IST" duration-ms="2590" status="PASS">
          <reporter-output>
          </reporter-output>
        </test-method> <!-- verifyAdminUserCanAddNews -->
        <test-method is-config="true" signature="driverQuit(org.testng.ITestResult)[pri:0, instance:testscripts.ManageNewsTest@f5958c9]" started-at="2025-02-20T13:59:51 IST" name="driverQuit" finished-at="2025-02-20T13:59:51 IST" duration-ms="477" status="PASS">
          <params>
            <param index="0">
              <value>
                <![CDATA[[TestResult name=verifyAdminUserCanAddNews status=SUCCESS method=ManageNewsTest.verifyAdminUserCanAddNews()[pri:0, instance:testscripts.ManageNewsTest@f5958c9] output={null}]]]>
              </value>
            </param>
          </params>
          <reporter-output>
          </reporter-output>
        </test-method> <!-- driverQuit -->
        <test-method is-config="true" signature="initialisebrowser(java.lang.String)[pri:0, instance:testscripts.ManageNewsTest@f5958c9]" started-at="2025-02-20T13:59:51 IST" name="initialisebrowser" finished-at="2025-02-20T13:59:56 IST" duration-ms="4778" status="PASS">
          <params>
            <param index="0">
              <value>
                <![CDATA[Chrome]]>
              </value>
            </param>
          </params>
          <reporter-output>
          </reporter-output>
        </test-method> <!-- initialisebrowser -->
        <test-method signature="verifyAdminUserCanManageAndEditNews()[pri:0, instance:testscripts.ManageNewsTest@f5958c9]" started-at="2025-02-20T13:59:56 IST" name="verifyAdminUserCanManageAndEditNews" finished-at="2025-02-20T13:59:59 IST" duration-ms="2891" status="PASS">
          <reporter-output>
          </reporter-output>
        </test-method> <!-- verifyAdminUserCanManageAndEditNews -->
        <test-method is-config="true" signature="driverQuit(org.testng.ITestResult)[pri:0, instance:testscripts.ManageNewsTest@f5958c9]" started-at="2025-02-20T13:59:59 IST" name="driverQuit" finished-at="2025-02-20T13:59:59 IST" duration-ms="515" status="PASS">
          <params>
            <param index="0">
              <value>
                <![CDATA[[TestResult name=verifyAdminUserCanManageAndEditNews status=SUCCESS method=ManageNewsTest.verifyAdminUserCanManageAndEditNews()[pri:0, instance:testscripts.ManageNewsTest@f5958c9] output={null}]]]>
              </value>
            </param>
          </params>
          <reporter-output>
          </reporter-output>
        </test-method> <!-- driverQuit -->
      </class> <!-- testscripts.ManageNewsTest -->
      <class name="testscripts.CategoryTest">
        <test-method is-config="true" signature="initialisebrowser(java.lang.String)[pri:0, instance:testscripts.CategoryTest@77c2494c]" started-at="2025-02-20T13:59:01 IST" name="initialisebrowser" finished-at="2025-02-20T13:59:05 IST" duration-ms="4795" status="PASS">
          <params>
            <param index="0">
              <value>
                <![CDATA[Chrome]]>
              </value>
            </param>
          </params>
          <reporter-output>
          </reporter-output>
        </test-method> <!-- initialisebrowser -->
        <test-method signature="validateUserCanChangeActiveCategoryStatus()[pri:0, instance:testscripts.CategoryTest@77c2494c]" started-at="2025-02-20T13:59:05 IST" name="validateUserCanChangeActiveCategoryStatus" finished-at="2025-02-20T13:59:17 IST" duration-ms="11922" status="FAIL">
          <exception class="org.openqa.selenium.json.JsonException">
            <message>
              <![CDATA[java.lang.reflect.InvocationTargetException
Build info: version: '4.27.0', revision: 'd6e718d134'
System info: os.name: 'Windows 10', os.arch: 'amd64', os.version: '10.0', java.version: '17.0.12'
Driver info: org.openqa.selenium.chrome.ChromeDriver
Command: [0a8121f35b00be83bba2129967a26b07, actions {actions=[org.openqa.selenium.interactions.Sequence@58178b69]}]
Capabilities {acceptInsecureCerts: false, browserName: chrome, browserVersion: 133.0.6943.126, chrome: {chromedriverVersion: 133.0.6943.126 (cffa127ce7b..., userDataDir: C:\Users\DELL\AppData\Local...}, fedcm:accounts: true, goog:chromeOptions: {debuggerAddress: localhost:55636}, networkConnectionEnabled: false, pageLoadStrategy: normal, platformName: windows, proxy: Proxy(), se:cdp: ws://localhost:55636/devtoo..., se:cdpVersion: 133.0.6943.126, setWindowRect: true, strictFileInteractability: false, timeouts: {implicit: 0, pageLoad: 300000, script: 30000}, unhandledPromptBehavior: dismiss and notify, webauthn:extension:credBlob: true, webauthn:extension:largeBlob: true, webauthn:extension:minPinLength: true, webauthn:extension:prf: true, webauthn:virtualAuthenticators: true}
Session ID: 0a8121f35b00be83bba2129967a26b07]]>
            </message>
            <full-stacktrace>
              <![CDATA[org.openqa.selenium.json.JsonException: java.lang.reflect.InvocationTargetException
Build info: version: '4.27.0', revision: 'd6e718d134'
System info: os.name: 'Windows 10', os.arch: 'amd64', os.version: '10.0', java.version: '17.0.12'
Driver info: org.openqa.selenium.chrome.ChromeDriver
Command: [0a8121f35b00be83bba2129967a26b07, actions {actions=[org.openqa.selenium.interactions.Sequence@58178b69]}]
Capabilities {acceptInsecureCerts: false, browserName: chrome, browserVersion: 133.0.6943.126, chrome: {chromedriverVersion: 133.0.6943.126 (cffa127ce7b..., userDataDir: C:\Users\DELL\AppData\Local...}, fedcm:accounts: true, goog:chromeOptions: {debuggerAddress: localhost:55636}, networkConnectionEnabled: false, pageLoadStrategy: normal, platformName: windows, proxy: Proxy(), se:cdp: ws://localhost:55636/devtoo..., se:cdpVersion: 133.0.6943.126, setWindowRect: true, strictFileInteractability: false, timeouts: {implicit: 0, pageLoad: 300000, script: 30000}, unhandledPromptBehavior: dismiss and notify, webauthn:extension:credBlob: true, webauthn:extension:largeBlob: true, webauthn:extension:minPinLength: true, webauthn:extension:prf: true, webauthn:virtualAuthenticators: true}
Session ID: 0a8121f35b00be83bba2129967a26b07
at org.openqa.selenium.json.JsonOutput.convertUsingMethod(JsonOutput.java:520)
at org.openqa.selenium.json.JsonOutput.lambda$new$16(JsonOutput.java:182)
at org.openqa.selenium.json.JsonOutput.write0(JsonOutput.java:409)
at org.openqa.selenium.json.JsonOutput.lambda$new$22(JsonOutput.java:204)
at java.base/java.util.stream.ForEachOps$ForEachOp$OfRef.accept(ForEachOps.java:183)
at java.base/java.util.stream.ReferencePipeline$2$1.accept(ReferencePipeline.java:179)
at java.base/java.util.Iterator.forEachRemaining(Iterator.java:133)
at java.base/java.util.Spliterators$IteratorSpliterator.forEachRemaining(Spliterators.java:1845)
at java.base/java.util.stream.AbstractPipeline.copyInto(AbstractPipeline.java:509)
at java.base/java.util.stream.AbstractPipeline.wrapAndCopyInto(AbstractPipeline.java:499)
at java.base/java.util.stream.ForEachOps$ForEachOp.evaluateSequential(ForEachOps.java:150)
at java.base/java.util.stream.ForEachOps$ForEachOp$OfRef.evaluateSequential(ForEachOps.java:173)
at java.base/java.util.stream.AbstractPipeline.evaluate(AbstractPipeline.java:234)
at java.base/java.util.stream.ReferencePipeline.forEach(ReferencePipeline.java:596)
at org.openqa.selenium.json.JsonOutput.lambda$new$23(JsonOutput.java:204)
at org.openqa.selenium.json.JsonOutput.write0(JsonOutput.java:409)
at org.openqa.selenium.json.JsonOutput.lambda$new$24(JsonOutput.java:222)
at java.base/java.util.Map.forEach(Map.java:713)
at org.openqa.selenium.json.JsonOutput.lambda$new$25(JsonOutput.java:217)
at org.openqa.selenium.json.JsonOutput.write0(JsonOutput.java:409)
at org.openqa.selenium.json.JsonOutput.write(JsonOutput.java:400)
at org.openqa.selenium.json.Json.toJson(Json.java:133)
at org.openqa.selenium.json.Json.toJson(Json.java:119)
at org.openqa.selenium.remote.codec.AbstractHttpCommandCodec.encode(AbstractHttpCommandCodec.java:245)
at org.openqa.selenium.remote.codec.AbstractHttpCommandCodec.encode(AbstractHttpCommandCodec.java:111)
at org.openqa.selenium.remote.HttpCommandExecutor.execute(HttpCommandExecutor.java:178)
at org.openqa.selenium.remote.service.DriverCommandExecutor.invokeExecute(DriverCommandExecutor.java:216)
at org.openqa.selenium.remote.service.DriverCommandExecutor.execute(DriverCommandExecutor.java:174)
at org.openqa.selenium.remote.RemoteWebDriver.execute(RemoteWebDriver.java:545)
at org.openqa.selenium.remote.RemoteWebDriver.perform(RemoteWebDriver.java:631)
at org.openqa.selenium.interactions.Actions$BuiltAction.perform(Actions.java:613)
at org.openqa.selenium.interactions.Actions.perform(Actions.java:578)
at utilities.PageUtility.actions(PageUtility.java:55)
at pages.CategoryPage.clickOnActiveCategoryStatus(CategoryPage.java:47)
at testscripts.CategoryTest.validateUserCanChangeActiveCategoryStatus(CategoryTest.java:33)
at java.base/jdk.internal.reflect.NativeMethodAccessorImpl.invoke0(Native Method)
at java.base/jdk.internal.reflect.NativeMethodAccessorImpl.invoke(NativeMethodAccessorImpl.java:77)
at java.base/jdk.internal.reflect.DelegatingMethodAccessorImpl.invoke(DelegatingMethodAccessorImpl.java:43)
at java.base/java.lang.reflect.Method.invoke(Method.java:568)
at org.testng.internal.invokers.MethodInvocationHelper.invokeMethod(MethodInvocationHelper.java:141)
at org.testng.internal.invokers.TestInvoker.invokeMethod(TestInvoker.java:686)
at org.testng.internal.invokers.TestInvoker.invokeTestMethod(TestInvoker.java:230)
at org.testng.internal.invokers.MethodRunner.runInSequence(MethodRunner.java:63)
at org.testng.internal.invokers.TestInvoker$MethodInvocationAgent.invoke(TestInvoker.java:992)
at org.testng.internal.invokers.TestInvoker.invokeTestMethods(TestInvoker.java:203)
at org.testng.internal.invokers.TestMethodWorker.invokeTestMethods(TestMethodWorker.java:154)
at org.testng.internal.invokers.TestMethodWorker.run(TestMethodWorker.java:134)
at java.base/java.util.ArrayList.forEach(ArrayList.java:1511)
at org.testng.TestRunner.privateRun(TestRunner.java:739)
at org.testng.TestRunner.run(TestRunner.java:614)
at org.testng.SuiteRunner.runTest(SuiteRunner.java:421)
at org.testng.SuiteRunner.runSequentially(SuiteRunner.java:413)
at org.testng.SuiteRunner.privateRun(SuiteRunner.java:373)
at org.testng.SuiteRunner.run(SuiteRunner.java:312)
at org.testng.SuiteRunnerWorker.runSuite(SuiteRunnerWorker.java:52)
at org.testng.SuiteRunnerWorker.run(SuiteRunnerWorker.java:95)
at org.testng.TestNG.runSuitesSequentially(TestNG.java:1274)
at org.testng.TestNG.runSuitesLocally(TestNG.java:1208)
at org.testng.TestNG.runSuites(TestNG.java:1112)
at org.testng.TestNG.run(TestNG.java:1079)
at org.testng.remote.AbstractRemoteTestNG.run(AbstractRemoteTestNG.java:115)
at org.testng.remote.RemoteTestNG.initAndRun(RemoteTestNG.java:293)
at org.testng.remote.RemoteTestNG.main(RemoteTestNG.java:91)
Suppressed: org.openqa.selenium.json.JsonException: Attempting to close incomplete json stream
Build info: version: '4.27.0', revision: 'd6e718d134'
System info: os.name: 'Windows 10', os.arch: 'amd64', os.version: '10.0', java.version: '17.0.12'
Driver info: driver.version: RemoteWebDriver
at org.openqa.selenium.json.JsonOutput.close(JsonOutput.java:431)
at org.openqa.selenium.json.Json.toJson(Json.java:131)
... 41 more
Caused by: java.lang.reflect.InvocationTargetException
at java.base/jdk.internal.reflect.NativeMethodAccessorImpl.invoke0(Native Method)
at java.base/jdk.internal.reflect.NativeMethodAccessorImpl.invoke(NativeMethodAccessorImpl.java:77)
at java.base/jdk.internal.reflect.DelegatingMethodAccessorImpl.invoke(DelegatingMethodAccessorImpl.java:43)
at java.base/java.lang.reflect.Method.invoke(Method.java:568)
at org.openqa.selenium.json.JsonOutput.convertUsingMethod(JsonOutput.java:516)
... 62 more
Caused by: org.openqa.selenium.NoSuchElementException: no such element: Unable to locate element: {"method":"xpath","selector":"//span[@class='badge bg-success']"}
  (Session info: chrome=133.0.6943.126)
For documentation on this error, please visit: https://www.selenium.dev/documentation/webdriver/troubleshooting/errors#no-such-element-exception
Build info: version: '4.27.0', revision: 'd6e718d134'
System info: os.name: 'Windows 10', os.arch: 'amd64', os.version: '10.0', java.version: '17.0.12'
Driver info: org.openqa.selenium.chrome.ChromeDriver
Command: [0a8121f35b00be83bba2129967a26b07, findElement {using=xpath, value=//span[@class='badge bg-success']}]
Capabilities {acceptInsecureCerts: false, browserName: chrome, browserVersion: 133.0.6943.126, chrome: {chromedriverVersion: 133.0.6943.126 (cffa127ce7b..., userDataDir: C:\Users\DELL\AppData\Local...}, fedcm:accounts: true, goog:chromeOptions: {debuggerAddress: localhost:55636}, networkConnectionEnabled: false, pageLoadStrategy: normal, platformName: windows, proxy: Proxy(), se:cdp: ws://localhost:55636/devtoo..., se:cdpVersion: 133.0.6943.126, setWindowRect: true, strictFileInteractability: false, timeouts: {implicit: 0, pageLoad: 300000, script: 30000}, unhandledPromptBehavior: dismiss and notify, webauthn:extension:credBlob: true, webauthn:extension:largeBlob: true, webauthn:extension:minPinLength: true, webauthn:extension:prf: true, webauthn:virtualAuthenticators: true}
Session ID: 0a8121f35b00be83bba2129967a26b07
at java.base/jdk.internal.reflect.NativeConstructorAccessorImpl.newInstance0(Native Method)
at java.base/jdk.internal.reflect.NativeConstructorAccessorImpl.newInstance(NativeConstructorAccessorImpl.java:77)
at java.base/jdk.internal.reflect.DelegatingConstructorAccessorImpl.newInstance(DelegatingConstructorAccessorImpl.java:45)
at java.base/java.lang.reflect.Constructor.newInstanceWithCaller(Constructor.java:499)
at java.base/java.lang.reflect.Constructor.newInstance(Constructor.java:480)
at org.openqa.selenium.remote.ErrorCodec.decode(ErrorCodec.java:167)
at org.openqa.selenium.remote.codec.w3c.W3CHttpResponseCodec.decode(W3CHttpResponseCodec.java:138)
at org.openqa.selenium.remote.codec.w3c.W3CHttpResponseCodec.decode(W3CHttpResponseCodec.java:50)
at org.openqa.selenium.remote.HttpCommandExecutor.execute(HttpCommandExecutor.java:190)
at org.openqa.selenium.remote.service.DriverCommandExecutor.invokeExecute(DriverCommandExecutor.java:216)
at org.openqa.selenium.remote.service.DriverCommandExecutor.execute(DriverCommandExecutor.java:174)
at org.openqa.selenium.remote.RemoteWebDriver.execute(RemoteWebDriver.java:545)
at org.openqa.selenium.remote.ElementLocation$ElementFinder$2.findElement(ElementLocation.java:165)
at org.openqa.selenium.remote.ElementLocation.findElement(ElementLocation.java:59)
at org.openqa.selenium.remote.RemoteWebDriver.findElement(RemoteWebDriver.java:368)
at org.openqa.selenium.remote.RemoteWebDriver.findElement(RemoteWebDriver.java:362)
at org.openqa.selenium.support.pagefactory.DefaultElementLocator.findElement(DefaultElementLocator.java:68)
at org.openqa.selenium.support.pagefactory.internal.LocatingElementHandler.invoke(LocatingElementHandler.java:38)
at jdk.proxy2/jdk.proxy2.$Proxy14.getWrappedElement(Unknown Source)
at org.openqa.selenium.interactions.PointerInput$Origin.asArg(PointerInput.java:259)
at org.openqa.selenium.interactions.PointerInput$Move.encode(PointerInput.java:208)
at org.openqa.selenium.interactions.Sequence.encode(Sequence.java:72)
at org.openqa.selenium.interactions.Sequence.toJson(Sequence.java:81)
... 67 more
]]>
            </full-stacktrace>
          </exception> <!-- org.openqa.selenium.json.JsonException -->
          <reporter-output>
          </reporter-output>
        </test-method> <!-- validateUserCanChangeActiveCategoryStatus -->
        <test-method is-config="true" signature="driverQuit(org.testng.ITestResult)[pri:0, instance:testscripts.CategoryTest@77c2494c]" started-at="2025-02-20T13:59:17 IST" name="driverQuit" finished-at="2025-02-20T13:59:18 IST" duration-ms="933" status="PASS">
          <params>
            <param index="0">
              <value>
                <![CDATA[[TestResult name=validateUserCanChangeActiveCategoryStatus status=FAILURE method=CategoryTest.validateUserCanChangeActiveCategoryStatus()[pri:0, instance:testscripts.CategoryTest@77c2494c] output={null}]]]>
              </value>
            </param>
          </params>
          <reporter-output>
          </reporter-output>
        </test-method> <!-- driverQuit -->
        <test-method is-config="true" signature="initialisebrowser(java.lang.String)[pri:0, instance:testscripts.CategoryTest@77c2494c]" started-at="2025-02-20T13:59:18 IST" name="initialisebrowser" finished-at="2025-02-20T13:59:23 IST" duration-ms="5204" status="PASS">
          <params>
            <param index="0">
              <value>
                <![CDATA[Chrome]]>
              </value>
            </param>
          </params>
          <reporter-output>
          </reporter-output>
        </test-method> <!-- initialisebrowser -->
        <test-method signature="verifyCategoryIsDeleted()[pri:1, instance:testscripts.CategoryTest@77c2494c]" started-at="2025-02-20T13:59:23 IST" name="verifyCategoryIsDeleted" finished-at="2025-02-20T13:59:29 IST" duration-ms="5659" status="PASS">
          <reporter-output>
          </reporter-output>
        </test-method> <!-- verifyCategoryIsDeleted -->
        <test-method is-config="true" signature="driverQuit(org.testng.ITestResult)[pri:0, instance:testscripts.CategoryTest@77c2494c]" started-at="2025-02-20T13:59:29 IST" name="driverQuit" finished-at="2025-02-20T13:59:30 IST" duration-ms="818" status="PASS">
          <params>
            <param index="0">
              <value>
                <![CDATA[[TestResult name=verifyCategoryIsDeleted status=SUCCESS method=CategoryTest.verifyCategoryIsDeleted()[pri:1, instance:testscripts.CategoryTest@77c2494c] output={null}]]]>
              </value>
            </param>
          </params>
          <reporter-output>
          </reporter-output>
        </test-method> <!-- driverQuit -->
        <test-method is-config="true" signature="initialisebrowser(java.lang.String)[pri:0, instance:testscripts.CategoryTest@77c2494c]" started-at="2025-02-20T13:59:30 IST" name="initialisebrowser" finished-at="2025-02-20T13:59:35 IST" duration-ms="4952" status="PASS">
          <params>
            <param index="0">
              <value>
                <![CDATA[Chrome]]>
              </value>
            </param>
          </params>
          <reporter-output>
          </reporter-output>
        </test-method> <!-- initialisebrowser -->
        <test-method signature="verifyUserCanAddNewCategory()[pri:2, instance:testscripts.CategoryTest@77c2494c]" started-at="2025-02-20T13:59:35 IST" name="verifyUserCanAddNewCategory" finished-at="2025-02-20T13:59:39 IST" duration-ms="4358" status="PASS">
          <reporter-output>
          </reporter-output>
        </test-method> <!-- verifyUserCanAddNewCategory -->
        <test-method is-config="true" signature="driverQuit(org.testng.ITestResult)[pri:0, instance:testscripts.CategoryTest@77c2494c]" started-at="2025-02-20T13:59:39 IST" name="driverQuit" finished-at="2025-02-20T13:59:42 IST" duration-ms="3108" status="PASS">
          <params>
            <param index="0">
              <value>
                <![CDATA[[TestResult name=verifyUserCanAddNewCategory status=SUCCESS method=CategoryTest.verifyUserCanAddNewCategory()[pri:2, instance:testscripts.CategoryTest@77c2494c] output={null}]]]>
              </value>
            </param>
          </params>
          <reporter-output>
          </reporter-output>
        </test-method> <!-- driverQuit -->
      </class> <!-- testscripts.CategoryTest -->
      <class name="testscripts.ManageContactTest">
        <test-method is-config="true" signature="initialisebrowser(java.lang.String)[pri:0, instance:testscripts.ManageContactTest@477b4cdf]" started-at="2025-02-20T13:58:46 IST" name="initialisebrowser" finished-at="2025-02-20T13:58:51 IST" duration-ms="4825" status="PASS">
          <params>
            <param index="0">
              <value>
                <![CDATA[Chrome]]>
              </value>
            </param>
          </params>
          <reporter-output>
          </reporter-output>
        </test-method> <!-- initialisebrowser -->
        <test-method signature="verifyUserCanUpdateContactDetails()[pri:0, instance:testscripts.ManageContactTest@477b4cdf]" started-at="2025-02-20T13:58:51 IST" name="verifyUserCanUpdateContactDetails" finished-at="2025-02-20T13:59:00 IST" duration-ms="9342" status="PASS">
          <reporter-output>
          </reporter-output>
        </test-method> <!-- verifyUserCanUpdateContactDetails -->
        <test-method is-config="true" signature="driverQuit(org.testng.ITestResult)[pri:0, instance:testscripts.ManageContactTest@477b4cdf]" started-at="2025-02-20T13:59:00 IST" name="driverQuit" finished-at="2025-02-20T13:59:01 IST" duration-ms="509" status="PASS">
          <params>
            <param index="0">
              <value>
                <![CDATA[[TestResult name=verifyUserCanUpdateContactDetails status=SUCCESS method=ManageContactTest.verifyUserCanUpdateContactDetails()[pri:0, instance:testscripts.ManageContactTest@477b4cdf] output={null}]]]>
              </value>
            </param>
          </params>
          <reporter-output>
          </reporter-output>
        </test-method> <!-- driverQuit -->
      </class> <!-- testscripts.ManageContactTest -->
      <class name="testscripts.LoginTest">
        <test-method is-config="true" signature="initialisebrowser(java.lang.String)[pri:0, instance:testscripts.LoginTest@7c7a06ec]" started-at="2025-02-20T13:57:52 IST" name="initialisebrowser" finished-at="2025-02-20T13:58:02 IST" duration-ms="10238" status="PASS">
          <params>
            <param index="0">
              <value>
                <![CDATA[Chrome]]>
              </value>
            </param>
          </params>
          <reporter-output>
          </reporter-output>
        </test-method> <!-- initialisebrowser -->
        <test-method signature="verifyUserLoginWithValidCredentials()[pri:0, instance:testscripts.LoginTest@7c7a06ec]" started-at="2025-02-20T13:58:02 IST" name="verifyUserLoginWithValidCredentials" finished-at="2025-02-20T13:58:06 IST" duration-ms="3907" status="PASS">
          <reporter-output>
          </reporter-output>
        </test-method> <!-- verifyUserLoginWithValidCredentials -->
        <test-method is-config="true" signature="driverQuit(org.testng.ITestResult)[pri:0, instance:testscripts.LoginTest@7c7a06ec]" started-at="2025-02-20T13:58:06 IST" name="driverQuit" finished-at="2025-02-20T13:58:06 IST" duration-ms="655" status="PASS">
          <params>
            <param index="0">
              <value>
                <![CDATA[[TestResult name=verifyUserLoginWithValidCredentials status=SUCCESS method=LoginTest.verifyUserLoginWithValidCredentials()[pri:0, instance:testscripts.LoginTest@7c7a06ec] output={null}]]]>
              </value>
            </param>
          </params>
          <reporter-output>
          </reporter-output>
        </test-method> <!-- driverQuit -->
      </class> <!-- testscripts.LoginTest -->
      <class name="testscripts.AdminUserTest">
        <test-method is-config="true" signature="initialisebrowser(java.lang.String)[pri:0, instance:testscripts.AdminUserTest@233795b6]" started-at="2025-02-20T13:59:59 IST" name="initialisebrowser" finished-at="2025-02-20T14:00:04 IST" duration-ms="4772" status="PASS">
          <params>
            <param index="0">
              <value>
                <![CDATA[Chrome]]>
              </value>
            </param>
          </params>
          <reporter-output>
          </reporter-output>
        </test-method> <!-- initialisebrowser -->
        <test-method signature="verifyUserCanChangeStatusOfAdminDetails()[pri:0, instance:testscripts.AdminUserTest@233795b6]" started-at="2025-02-20T14:00:04 IST" name="verifyUserCanChangeStatusOfAdminDetails" finished-at="2025-02-20T14:00:07 IST" duration-ms="3117" status="PASS">
          <reporter-output>
          </reporter-output>
        </test-method> <!-- verifyUserCanChangeStatusOfAdminDetails -->
        <test-method is-config="true" signature="driverQuit(org.testng.ITestResult)[pri:0, instance:testscripts.AdminUserTest@233795b6]" started-at="2025-02-20T14:00:07 IST" name="driverQuit" finished-at="2025-02-20T14:00:08 IST" duration-ms="626" status="PASS">
          <params>
            <param index="0">
              <value>
                <![CDATA[[TestResult name=verifyUserCanChangeStatusOfAdminDetails status=SUCCESS method=AdminUserTest.verifyUserCanChangeStatusOfAdminDetails()[pri:0, instance:testscripts.AdminUserTest@233795b6] output={null}]]]>
              </value>
            </param>
          </params>
          <reporter-output>
          </reporter-output>
        </test-method> <!-- driverQuit -->
        <test-method is-config="true" signature="initialisebrowser(java.lang.String)[pri:0, instance:testscripts.AdminUserTest@233795b6]" started-at="2025-02-20T14:00:08 IST" name="initialisebrowser" finished-at="2025-02-20T14:00:12 IST" duration-ms="4372" status="PASS">
          <params>
            <param index="0">
              <value>
                <![CDATA[Chrome]]>
              </value>
            </param>
          </params>
          <reporter-output>
          </reporter-output>
        </test-method> <!-- initialisebrowser -->
        <test-method signature="verifyUserCanSearchAdminUserInfo()[pri:0, instance:testscripts.AdminUserTest@233795b6]" started-at="2025-02-20T14:00:12 IST" name="verifyUserCanSearchAdminUserInfo" finished-at="2025-02-20T14:00:15 IST" duration-ms="2577" status="PASS">
          <reporter-output>
          </reporter-output>
        </test-method> <!-- verifyUserCanSearchAdminUserInfo -->
        <test-method is-config="true" signature="driverQuit(org.testng.ITestResult)[pri:0, instance:testscripts.AdminUserTest@233795b6]" started-at="2025-02-20T14:00:15 IST" name="driverQuit" finished-at="2025-02-20T14:00:15 IST" duration-ms="580" status="PASS">
          <params>
            <param index="0">
              <value>
                <![CDATA[[TestResult name=verifyUserCanSearchAdminUserInfo status=SUCCESS method=AdminUserTest.verifyUserCanSearchAdminUserInfo()[pri:0, instance:testscripts.AdminUserTest@233795b6] output={null}]]]>
              </value>
            </param>
          </params>
          <reporter-output>
          </reporter-output>
        </test-method> <!-- driverQuit -->
        <test-method is-config="true" signature="initialisebrowser(java.lang.String)[pri:0, instance:testscripts.AdminUserTest@233795b6]" started-at="2025-02-20T14:00:15 IST" name="initialisebrowser" finished-at="2025-02-20T14:00:20 IST" duration-ms="4519" status="PASS">
          <params>
            <param index="0">
              <value>
                <![CDATA[Chrome]]>
              </value>
            </param>
          </params>
          <reporter-output>
          </reporter-output>
        </test-method> <!-- initialisebrowser -->
        <test-method signature="verifyUserCanAddNewAdminDetails()[pri:1, instance:testscripts.AdminUserTest@233795b6]" started-at="2025-02-20T14:00:20 IST" name="verifyUserCanAddNewAdminDetails" finished-at="2025-02-20T14:00:23 IST" duration-ms="2883" status="PASS">
          <reporter-output>
          </reporter-output>
        </test-method> <!-- verifyUserCanAddNewAdminDetails -->
        <test-method is-config="true" signature="driverQuit(org.testng.ITestResult)[pri:0, instance:testscripts.AdminUserTest@233795b6]" started-at="2025-02-20T14:00:23 IST" name="driverQuit" finished-at="2025-02-20T14:00:23 IST" duration-ms="523" status="PASS">
          <params>
            <param index="0">
              <value>
                <![CDATA[[TestResult name=verifyUserCanAddNewAdminDetails status=SUCCESS method=AdminUserTest.verifyUserCanAddNewAdminDetails()[pri:1, instance:testscripts.AdminUserTest@233795b6] output={null}]]]>
              </value>
            </param>
          </params>
          <reporter-output>
          </reporter-output>
        </test-method> <!-- driverQuit -->
      </class> <!-- testscripts.AdminUserTest -->
      <class name="testscripts.SubCategoryTest">
        <test-method is-config="true" signature="initialisebrowser(java.lang.String)[pri:0, instance:testscripts.SubCategoryTest@6743e411]" started-at="2025-02-20T13:58:06 IST" name="initialisebrowser" finished-at="2025-02-20T13:58:11 IST" duration-ms="4874" status="PASS">
          <params>
            <param index="0">
              <value>
                <![CDATA[Chrome]]>
              </value>
            </param>
          </params>
          <reporter-output>
          </reporter-output>
        </test-method> <!-- initialisebrowser -->
        <test-method signature="verifySearchSubCategory()[pri:0, instance:testscripts.SubCategoryTest@6743e411]" started-at="2025-02-20T13:58:11 IST" name="verifySearchSubCategory" finished-at="2025-02-20T13:58:15 IST" duration-ms="4153" status="PASS">
          <reporter-output>
          </reporter-output>
        </test-method> <!-- verifySearchSubCategory -->
        <test-method is-config="true" signature="driverQuit(org.testng.ITestResult)[pri:0, instance:testscripts.SubCategoryTest@6743e411]" started-at="2025-02-20T13:58:15 IST" name="driverQuit" finished-at="2025-02-20T13:58:16 IST" duration-ms="533" status="PASS">
          <params>
            <param index="0">
              <value>
                <![CDATA[[TestResult name=verifySearchSubCategory status=SUCCESS method=SubCategoryTest.verifySearchSubCategory()[pri:0, instance:testscripts.SubCategoryTest@6743e411] output={null}]]]>
              </value>
            </param>
          </params>
          <reporter-output>
          </reporter-output>
        </test-method> <!-- driverQuit -->
        <test-method is-config="true" signature="initialisebrowser(java.lang.String)[pri:0, instance:testscripts.SubCategoryTest@6743e411]" started-at="2025-02-20T13:58:16 IST" name="initialisebrowser" finished-at="2025-02-20T13:58:21 IST" duration-ms="4944" status="PASS">
          <params>
            <param index="0">
              <value>
                <![CDATA[Chrome]]>
              </value>
            </param>
          </params>
          <reporter-output>
          </reporter-output>
        </test-method> <!-- initialisebrowser -->
        <test-method signature="verifySubCategoryIsDeleted()[pri:1, instance:testscripts.SubCategoryTest@6743e411]" started-at="2025-02-20T13:58:21 IST" name="verifySubCategoryIsDeleted" finished-at="2025-02-20T13:58:26 IST" duration-ms="5051" status="PASS">
          <reporter-output>
          </reporter-output>
        </test-method> <!-- verifySubCategoryIsDeleted -->
        <test-method is-config="true" signature="driverQuit(org.testng.ITestResult)[pri:0, instance:testscripts.SubCategoryTest@6743e411]" started-at="2025-02-20T13:58:26 IST" name="driverQuit" finished-at="2025-02-20T13:58:26 IST" duration-ms="501" status="PASS">
          <params>
            <param index="0">
              <value>
                <![CDATA[[TestResult name=verifySubCategoryIsDeleted status=SUCCESS method=SubCategoryTest.verifySubCategoryIsDeleted()[pri:1, instance:testscripts.SubCategoryTest@6743e411] output={null}]]]>
              </value>
            </param>
          </params>
          <reporter-output>
          </reporter-output>
        </test-method> <!-- driverQuit -->
        <test-method is-config="true" signature="initialisebrowser(java.lang.String)[pri:0, instance:testscripts.SubCategoryTest@6743e411]" started-at="2025-02-20T13:58:26 IST" name="initialisebrowser" finished-at="2025-02-20T13:58:31 IST" duration-ms="4500" status="PASS">
          <params>
            <param index="0">
              <value>
                <![CDATA[Chrome]]>
              </value>
            </param>
          </params>
          <reporter-output>
          </reporter-output>
        </test-method> <!-- initialisebrowser -->
        <test-method signature="verifyAddNewSubcategorywithValidDetails()[pri:2, instance:testscripts.SubCategoryTest@6743e411]" started-at="2025-02-20T13:58:31 IST" name="verifyAddNewSubcategorywithValidDetails" finished-at="2025-02-20T13:58:35 IST" duration-ms="3604" status="PASS">
          <reporter-output>
          </reporter-output>
        </test-method> <!-- verifyAddNewSubcategorywithValidDetails -->
        <test-method is-config="true" signature="driverQuit(org.testng.ITestResult)[pri:0, instance:testscripts.SubCategoryTest@6743e411]" started-at="2025-02-20T13:58:35 IST" name="driverQuit" finished-at="2025-02-20T13:58:36 IST" duration-ms="972" status="PASS">
          <params>
            <param index="0">
              <value>
                <![CDATA[[TestResult name=verifyAddNewSubcategorywithValidDetails status=SUCCESS method=SubCategoryTest.verifyAddNewSubcategorywithValidDetails()[pri:2, instance:testscripts.SubCategoryTest@6743e411] output={null}]]]>
              </value>
            </param>
          </params>
          <reporter-output>
          </reporter-output>
        </test-method> <!-- driverQuit -->
      </class> <!-- testscripts.SubCategoryTest -->
    </test> <!-- myTest -->
  </suite> <!-- myTestSuite -->
</testng-results>
